{"name": "test_signup", "status": "failed", "statusDetails": {"message": "AssertionError: assert 'https://www....php?message=4' == 'https://www....dashboard.php'\n  - https://www.thetestingworld.com/testings/dashboard.php\n  ?                                           ^^^^^^^^\n  + https://www.thetestingworld.com/testings/index.php?message=4\n  ?                                          ++ ^^    ++++++++++", "trace": "start = None\n\n    def test_signup(start):\n        reg = Registration.register(driver)\n        reg.Login(\"Login\")\n        time.sleep(5)\n        reg.Username2(\"Username2\")\n        reg.Passward2(\"Passward2\")\n        reg.Login2(\"Login2\")\n        time.sleep(5)\n>       assert driver.current_url==\"https://www.thetestingworld.com/testings/dashboard.php\"\nE       AssertionError: assert 'https://www....php?message=4' == 'https://www....dashboard.php'\nE         - https://www.thetestingworld.com/testings/dashboard.php\nE         ?                                           ^^^^^^^^\nE         + https://www.thetestingworld.com/testings/index.php?message=4\nE         ?                                          ++ ^^    ++++++++++\n\nTestCases\\test_001.py:50: AssertionError"}, "start": 1598808024757, "stop": 1598808036123, "uuid": "d7adedb0-f730-4171-92ed-578c37d0e443", "historyId": "a703961980f908faaf841674d52c3740", "testCaseId": "d8069efb34ba0c235f03aa9dba66e291", "fullName": "TestCases.test_001#test_signup", "labels": [{"name": "parentSuite", "value": "TestCases"}, {"name": "suite", "value": "test_001"}, {"name": "host", "value": "W1851537"}, {"name": "thread", "value": "31868-MainThread"}, {"name": "framework", "value": "pytest"}, {"name": "language", "value": "cpython3"}, {"name": "package", "value": "TestCases.test_001"}]}